# JRE version: OpenJDK Runtime Environment (11.0.10) (build 11.0.10+0-b96-7249189)
# Java VM: OpenJDK 64-Bit Server VM (11.0.10+0-b96-7249189, mixed mode, tiered, compressed oops, g1 gc, windows-amd64)
Heap:
 garbage-first heap   total 187392K, used 122542K [0x0000000080000000, 0x0000000100000000)
  region size 1024K, 71 young (72704K), 8 survivors (8192K)
 Metaspace       used 56993K, capacity 58424K, committed 58576K, reserved 1099776K
  class space    used 7240K, capacity 7724K, committed 7808K, reserved 1048576K
GC Heap History (20 events):
Event: 0.581 GC heap before
{Heap before GC invocations=0 (full 0):
 garbage-first heap   total 129024K, used 19456K [0x0000000080000000, 0x0000000100000000)
  region size 1024K, 14 young (14336K), 0 survivors (0K)
 Metaspace       used 7581K, capacity 7737K, committed 7936K, reserved 1056768K
  class space    used 705K, capacity 749K, committed 768K, reserved 1048576K
}
Event: 0.585 GC heap after
{Heap after GC invocations=1 (full 0):
 garbage-first heap   total 129024K, used 7626K [0x0000000080000000, 0x0000000100000000)
  region size 1024K, 2 young (2048K), 2 survivors (2048K)
 Metaspace       used 7581K, capacity 7737K, committed 7936K, reserved 1056768K
  class space    used 705K, capacity 749K, committed 768K, reserved 1048576K
}
Event: 0.854 GC heap before
{Heap before GC invocations=1 (full 0):
 garbage-first heap   total 129024K, used 18890K [0x0000000080000000, 0x0000000100000000)
  region size 1024K, 13 young (13312K), 2 survivors (2048K)
 Metaspace       used 10488K, capacity 10701K, committed 11008K, reserved 1058816K
  class space    used 1104K, capacity 1164K, committed 1280K, reserved 1048576K
}
Event: 0.857 GC heap after
{Heap after GC invocations=2 (full 0):
 garbage-first heap   total 129024K, used 8471K [0x0000000080000000, 0x0000000100000000)
  region size 1024K, 1 young (1024K), 1 survivors (1024K)
 Metaspace       used 10488K, capacity 10701K, committed 11008K, reserved 1058816K
  class space    used 1104K, capacity 1164K, committed 1280K, reserved 1048576K
}
Event: 1.192 GC heap before
{Heap before GC invocations=2 (full 0):
 garbage-first heap   total 129024K, used 37143K [0x0000000080000000, 0x0000000100000000)
  region size 1024K, 30 young (30720K), 1 survivors (1024K)
 Metaspace       used 10722K, capacity 11045K, committed 11264K, reserved 1058816K
  class space    used 1127K, capacity 1236K, committed 1280K, reserved 1048576K
}
Event: 1.196 GC heap after
{Heap after GC invocations=3 (full 0):
 garbage-first heap   total 129024K, used 12911K [0x0000000080000000, 0x0000000100000000)
  region size 1024K, 4 young (4096K), 4 survivors (4096K)
 Metaspace       used 10722K, capacity 11045K, committed 11264K, reserved 1058816K
  class space    used 1127K, capacity 1236K, committed 1280K, reserved 1048576K
}
Event: 2.466 GC heap before
{Heap before GC invocations=3 (full 0):
 garbage-first heap   total 129024K, used 55919K [0x0000000080000000, 0x0000000100000000)
  region size 1024K, 46 young (47104K), 4 survivors (4096K)
 Metaspace       used 19374K, capacity 19814K, committed 19968K, reserved 1067008K
  class space    used 2349K, capacity 2479K, committed 2560K, reserved 1048576K
}
Event: 2.474 GC heap after
{Heap after GC invocations=4 (full 0):
 garbage-first heap   total 129024K, used 15780K [0x0000000080000000, 0x0000000100000000)
  region size 1024K, 3 young (3072K), 3 survivors (3072K)
 Metaspace       used 19374K, capacity 19814K, committed 19968K, reserved 1067008K
  class space    used 2349K, capacity 2479K, committed 2560K, reserved 1048576K
}
Event: 2.520 GC heap before
{Heap before GC invocations=4 (full 0):
 garbage-first heap   total 129024K, used 20900K [0x0000000080000000, 0x0000000100000000)
  region size 1024K, 9 young (9216K), 3 survivors (3072K)
 Metaspace       used 20620K, capacity 21109K, committed 21296K, reserved 1069056K
  class space    used 2428K, capacity 2611K, committed 2688K, reserved 1048576K
}
Event: 2.526 GC heap after
{Heap after GC invocations=5 (full 0):
 garbage-first heap   total 129024K, used 16084K [0x0000000080000000, 0x0000000100000000)
  region size 1024K, 4 young (4096K), 4 survivors (4096K)
 Metaspace       used 20620K, capacity 21109K, committed 21296K, reserved 1069056K
  class space    used 2428K, capacity 2611K, committed 2688K, reserved 1048576K
}
Event: 3.139 GC heap before
{Heap before GC invocations=6 (full 0):
 garbage-first heap   total 129024K, used 66260K [0x0000000080000000, 0x0000000100000000)
  region size 1024K, 49 young (50176K), 4 survivors (4096K)
 Metaspace       used 25917K, capacity 26645K, committed 26800K, reserved 1073152K
  class space    used 3294K, capacity 3524K, committed 3584K, reserved 1048576K
}
Event: 3.147 GC heap after
{Heap after GC invocations=7 (full 0):
 garbage-first heap   total 155648K, used 24033K [0x0000000080000000, 0x0000000100000000)
  region size 1024K, 6 young (6144K), 6 survivors (6144K)
 Metaspace       used 25917K, capacity 26645K, committed 26800K, reserved 1073152K
  class space    used 3294K, capacity 3524K, committed 3584K, reserved 1048576K
}
Event: 3.886 GC heap before
{Heap before GC invocations=7 (full 0):
 garbage-first heap   total 155648K, used 83425K [0x0000000080000000, 0x0000000100000000)
  region size 1024K, 61 young (62464K), 6 survivors (6144K)
 Metaspace       used 35000K, capacity 35737K, committed 35920K, reserved 1081344K
  class space    used 4456K, capacity 4749K, committed 4864K, reserved 1048576K
}
Event: 3.898 GC heap after
{Heap after GC invocations=8 (full 0):
 garbage-first heap   total 155648K, used 34900K [0x0000000080000000, 0x0000000100000000)
  region size 1024K, 9 young (9216K), 9 survivors (9216K)
 Metaspace       used 35000K, capacity 35737K, committed 35920K, reserved 1081344K
  class space    used 4456K, capacity 4749K, committed 4864K, reserved 1048576K
}
Event: 4.745 GC heap before
{Heap before GC invocations=9 (full 0):
 garbage-first heap   total 155648K, used 95316K [0x0000000080000000, 0x0000000100000000)
  region size 1024K, 66 young (67584K), 9 survivors (9216K)
 Metaspace       used 40723K, capacity 41809K, committed 42064K, reserved 1085440K
  class space    used 5137K, capacity 5509K, committed 5632K, reserved 1048576K
}
Event: 4.758 GC heap after
{Heap after GC invocations=10 (full 0):
 garbage-first heap   total 155648K, used 39862K [0x0000000080000000, 0x0000000100000000)
  region size 1024K, 5 young (5120K), 5 survivors (5120K)
 Metaspace       used 40723K, capacity 41809K, committed 42064K, reserved 1085440K
  class space    used 5137K, capacity 5509K, committed 5632K, reserved 1048576K
}
Event: 5.417 GC heap before
{Heap before GC invocations=10 (full 0):
 garbage-first heap   total 155648K, used 100278K [0x0000000080000000, 0x0000000100000000)
  region size 1024K, 64 young (65536K), 5 survivors (5120K)
 Metaspace       used 44844K, capacity 46025K, committed 46288K, reserved 1089536K
  class space    used 5779K, capacity 6186K, committed 6272K, reserved 1048576K
}
Event: 5.428 GC heap after
{Heap after GC invocations=11 (full 0):
 garbage-first heap   total 155648K, used 44742K [0x0000000080000000, 0x0000000100000000)
  region size 1024K, 5 young (5120K), 5 survivors (5120K)
 Metaspace       used 44844K, capacity 46025K, committed 46288K, reserved 1089536K
  class space    used 5779K, capacity 6186K, committed 6272K, reserved 1048576K
}
Event: 6.219 GC heap before
{Heap before GC invocations=11 (full 0):
 garbage-first heap   total 155648K, used 110278K [0x0000000080000000, 0x0000000100000000)
  region size 1024K, 64 young (65536K), 5 survivors (5120K)
 Metaspace       used 48368K, capacity 49778K, committed 50128K, reserved 1093632K
  class space    used 6234K, capacity 6664K, committed 6784K, reserved 1048576K
}
Event: 6.230 GC heap after
{Heap after GC invocations=12 (full 0):
 garbage-first heap   total 187392K, used 60078K [0x0000000080000000, 0x0000000100000000)
  region size 1024K, 8 young (8192K), 8 survivors (8192K)
 Metaspace       used 48368K, capacity 49778K, committed 50128K, reserved 1093632K
  class space    used 6234K, capacity 6664K, committed 6784K, reserved 1048576K
}

