# JRE version: OpenJDK Runtime Environment (11.0.10) (build 11.0.10+0-b96-7249189)
# Java VM: OpenJDK 64-Bit Server VM (11.0.10+0-b96-7249189, mixed mode, tiered, compressed oops, g1 gc, windows-amd64)
Heap:
 garbage-first heap   total 187392K, used 79623K [0x0000000080000000, 0x0000000100000000)
  region size 1024K, 32 young (32768K), 11 survivors (11264K)
 Metaspace       used 53653K, capacity 55121K, committed 55248K, reserved 1097728K
  class space    used 6817K, capacity 7293K, committed 7296K, reserved 1048576K
GC Heap History (20 events):
Event: 0.500 GC heap before
{Heap before GC invocations=0 (full 0):
 garbage-first heap   total 129024K, used 19456K [0x0000000080000000, 0x0000000100000000)
  region size 1024K, 14 young (14336K), 0 survivors (0K)
 Metaspace       used 7566K, capacity 7733K, committed 7936K, reserved 1056768K
  class space    used 705K, capacity 749K, committed 768K, reserved 1048576K
}
Event: 0.504 GC heap after
{Heap after GC invocations=1 (full 0):
 garbage-first heap   total 129024K, used 7665K [0x0000000080000000, 0x0000000100000000)
  region size 1024K, 2 young (2048K), 2 survivors (2048K)
 Metaspace       used 7566K, capacity 7733K, committed 7936K, reserved 1056768K
  class space    used 705K, capacity 749K, committed 768K, reserved 1048576K
}
Event: 0.800 GC heap before
{Heap before GC invocations=1 (full 0):
 garbage-first heap   total 129024K, used 19953K [0x0000000080000000, 0x0000000100000000)
  region size 1024K, 14 young (14336K), 2 survivors (2048K)
 Metaspace       used 10497K, capacity 10761K, committed 11008K, reserved 1058816K
  class space    used 1104K, capacity 1164K, committed 1280K, reserved 1048576K
}
Event: 0.803 GC heap after
{Heap after GC invocations=2 (full 0):
 garbage-first heap   total 129024K, used 8556K [0x0000000080000000, 0x0000000100000000)
  region size 1024K, 1 young (1024K), 1 survivors (1024K)
 Metaspace       used 10497K, capacity 10761K, committed 11008K, reserved 1058816K
  class space    used 1104K, capacity 1164K, committed 1280K, reserved 1048576K
}
Event: 1.131 GC heap before
{Heap before GC invocations=2 (full 0):
 garbage-first heap   total 129024K, used 37228K [0x0000000080000000, 0x0000000100000000)
  region size 1024K, 30 young (30720K), 1 survivors (1024K)
 Metaspace       used 10750K, capacity 11041K, committed 11264K, reserved 1058816K
  class space    used 1133K, capacity 1236K, committed 1280K, reserved 1048576K
}
Event: 1.136 GC heap after
{Heap after GC invocations=3 (full 0):
 garbage-first heap   total 129024K, used 12797K [0x0000000080000000, 0x0000000100000000)
  region size 1024K, 4 young (4096K), 4 survivors (4096K)
 Metaspace       used 10750K, capacity 11041K, committed 11264K, reserved 1058816K
  class space    used 1133K, capacity 1236K, committed 1280K, reserved 1048576K
}
Event: 2.269 GC heap before
{Heap before GC invocations=3 (full 0):
 garbage-first heap   total 129024K, used 55805K [0x0000000080000000, 0x0000000100000000)
  region size 1024K, 46 young (47104K), 4 survivors (4096K)
 Metaspace       used 19428K, capacity 19810K, committed 19968K, reserved 1067008K
  class space    used 2354K, capacity 2479K, committed 2560K, reserved 1048576K
}
Event: 2.275 GC heap after
{Heap after GC invocations=4 (full 0):
 garbage-first heap   total 129024K, used 15792K [0x0000000080000000, 0x0000000100000000)
  region size 1024K, 3 young (3072K), 3 survivors (3072K)
 Metaspace       used 19428K, capacity 19810K, committed 19968K, reserved 1067008K
  class space    used 2354K, capacity 2479K, committed 2560K, reserved 1048576K
}
Event: 2.356 GC heap before
{Heap before GC invocations=4 (full 0):
 garbage-first heap   total 129024K, used 19888K [0x0000000080000000, 0x0000000100000000)
  region size 1024K, 8 young (8192K), 3 survivors (3072K)
 Metaspace       used 20686K, capacity 21175K, committed 21296K, reserved 1069056K
  class space    used 2435K, capacity 2617K, committed 2688K, reserved 1048576K
}
Event: 2.367 GC heap after
{Heap after GC invocations=5 (full 0):
 garbage-first heap   total 155648K, used 15969K [0x0000000080000000, 0x0000000100000000)
  region size 1024K, 4 young (4096K), 4 survivors (4096K)
 Metaspace       used 20686K, capacity 21175K, committed 21296K, reserved 1069056K
  class space    used 2435K, capacity 2617K, committed 2688K, reserved 1048576K
}
Event: 3.059 GC heap before
{Heap before GC invocations=6 (full 0):
 garbage-first heap   total 155648K, used 76385K [0x0000000080000000, 0x0000000100000000)
  region size 1024K, 54 young (55296K), 4 survivors (4096K)
 Metaspace       used 26098K, capacity 26811K, committed 27056K, reserved 1073152K
  class space    used 3321K, capacity 3570K, committed 3584K, reserved 1048576K
}
Event: 3.069 GC heap after
{Heap after GC invocations=7 (full 0):
 garbage-first heap   total 155648K, used 30974K [0x0000000080000000, 0x0000000100000000)
  region size 1024K, 7 young (7168K), 7 survivors (7168K)
 Metaspace       used 26098K, capacity 26811K, committed 27056K, reserved 1073152K
  class space    used 3321K, capacity 3570K, committed 3584K, reserved 1048576K
}
Event: 3.735 GC heap before
{Heap before GC invocations=7 (full 0):
 garbage-first heap   total 155648K, used 83198K [0x0000000080000000, 0x0000000100000000)
  region size 1024K, 59 young (60416K), 7 survivors (7168K)
 Metaspace       used 35003K, capacity 35733K, committed 35920K, reserved 1081344K
  class space    used 4454K, capacity 4749K, committed 4864K, reserved 1048576K
}
Event: 3.746 GC heap after
{Heap after GC invocations=8 (full 0):
 garbage-first heap   total 155648K, used 34351K [0x0000000080000000, 0x0000000100000000)
  region size 1024K, 8 young (8192K), 8 survivors (8192K)
 Metaspace       used 35003K, capacity 35733K, committed 35920K, reserved 1081344K
  class space    used 4454K, capacity 4749K, committed 4864K, reserved 1048576K
}
Event: 4.625 GC heap before
{Heap before GC invocations=9 (full 0):
 garbage-first heap   total 155648K, used 94767K [0x0000000080000000, 0x0000000100000000)
  region size 1024K, 65 young (66560K), 8 survivors (8192K)
 Metaspace       used 40636K, capacity 41676K, committed 41808K, reserved 1085440K
  class space    used 5128K, capacity 5509K, committed 5632K, reserved 1048576K
}
Event: 4.639 GC heap after
{Heap after GC invocations=10 (full 0):
 garbage-first heap   total 155648K, used 39574K [0x0000000080000000, 0x0000000100000000)
  region size 1024K, 9 young (9216K), 9 survivors (9216K)
 Metaspace       used 40636K, capacity 41676K, committed 41808K, reserved 1085440K
  class space    used 5128K, capacity 5509K, committed 5632K, reserved 1048576K
}
Event: 5.278 GC heap before
{Heap before GC invocations=10 (full 0):
 garbage-first heap   total 155648K, used 99990K [0x0000000080000000, 0x0000000100000000)
  region size 1024K, 68 young (69632K), 9 survivors (9216K)
 Metaspace       used 44664K, capacity 45835K, committed 46032K, reserved 1089536K
  class space    used 5755K, capacity 6145K, committed 6272K, reserved 1048576K
}
Event: 5.294 GC heap after
{Heap after GC invocations=11 (full 0):
 garbage-first heap   total 187392K, used 43576K [0x0000000080000000, 0x0000000100000000)
  region size 1024K, 9 young (9216K), 9 survivors (9216K)
 Metaspace       used 44664K, capacity 45835K, committed 46032K, reserved 1089536K
  class space    used 5755K, capacity 6145K, committed 6272K, reserved 1048576K
}
Event: 6.146 GC heap before
{Heap before GC invocations=11 (full 0):
 garbage-first heap   total 187392K, used 123448K [0x0000000080000000, 0x0000000100000000)
  region size 1024K, 81 young (82944K), 9 survivors (9216K)
 Metaspace       used 49526K, capacity 50980K, committed 51280K, reserved 1093632K
  class space    used 6385K, capacity 6831K, committed 6912K, reserved 1048576K
}
Event: 6.162 GC heap after
{Heap after GC invocations=12 (full 0):
 garbage-first heap   total 187392K, used 59143K [0x0000000080000000, 0x0000000100000000)
  region size 1024K, 11 young (11264K), 11 survivors (11264K)
 Metaspace       used 49526K, capacity 50980K, committed 51280K, reserved 1093632K
  class space    used 6385K, capacity 6831K, committed 6912K, reserved 1048576K
}

