# JRE version: OpenJDK Runtime Environment (11.0.10) (build 11.0.10+0-b96-7249189)
# Java VM: OpenJDK 64-Bit Server VM (11.0.10+0-b96-7249189, mixed mode, tiered, compressed oops, g1 gc, windows-amd64)
Heap:
 garbage-first heap   total 187392K, used 70089K [0x0000000080000000, 0x0000000100000000)
  region size 1024K, 6 young (6144K), 6 survivors (6144K)
 Metaspace       used 63094K, capacity 64743K, committed 65104K, reserved 1105920K
  class space    used 7933K, capacity 8463K, committed 8576K, reserved 1048576K
GC Heap History (20 events):
Event: 4.511 GC heap after
{Heap after GC invocations=5 (full 0):
 garbage-first heap   total 129024K, used 16381K [0x0000000080000000, 0x0000000100000000)
  region size 1024K, 3 young (3072K), 3 survivors (3072K)
 Metaspace       used 20733K, capacity 21187K, committed 21248K, reserved 1069056K
  class space    used 2431K, capacity 2553K, committed 2560K, reserved 1048576K
}
Event: 5.083 GC heap before
{Heap before GC invocations=6 (full 0):
 garbage-first heap   total 129024K, used 60413K [0x0000000080000000, 0x0000000100000000)
  region size 1024K, 46 young (47104K), 3 survivors (3072K)
 Metaspace       used 25881K, capacity 26549K, committed 26620K, reserved 1073152K
  class space    used 3279K, capacity 3514K, committed 3584K, reserved 1048576K
}
Event: 5.090 GC heap after
{Heap after GC invocations=7 (full 0):
 garbage-first heap   total 129024K, used 18429K [0x0000000080000000, 0x0000000100000000)
  region size 1024K, 5 young (5120K), 5 survivors (5120K)
 Metaspace       used 25881K, capacity 26549K, committed 26620K, reserved 1073152K
  class space    used 3279K, capacity 3514K, committed 3584K, reserved 1048576K
}
Event: 5.642 GC heap before
{Heap before GC invocations=7 (full 0):
 garbage-first heap   total 129024K, used 74749K [0x0000000080000000, 0x0000000100000000)
  region size 1024K, 51 young (52224K), 5 survivors (5120K)
 Metaspace       used 30768K, capacity 31488K, committed 31740K, reserved 1077248K
  class space    used 4019K, capacity 4289K, committed 4352K, reserved 1048576K
}
Event: 5.654 GC heap after
{Heap after GC invocations=8 (full 0):
 garbage-first heap   total 129024K, used 33301K [0x0000000080000000, 0x0000000100000000)
  region size 1024K, 7 young (7168K), 7 survivors (7168K)
 Metaspace       used 30768K, capacity 31488K, committed 31740K, reserved 1077248K
  class space    used 4019K, capacity 4289K, committed 4352K, reserved 1048576K
}
Event: 5.895 GC heap before
{Heap before GC invocations=8 (full 0):
 garbage-first heap   total 129024K, used 45589K [0x0000000080000000, 0x0000000100000000)
  region size 1024K, 21 young (21504K), 7 survivors (7168K)
 Metaspace       used 35161K, capacity 35905K, committed 36048K, reserved 1081344K
  class space    used 4471K, capacity 4781K, committed 4864K, reserved 1048576K
}
Event: 5.904 GC heap after
{Heap after GC invocations=9 (full 0):
 garbage-first heap   total 129024K, used 36099K [0x0000000080000000, 0x0000000100000000)
  region size 1024K, 3 young (3072K), 3 survivors (3072K)
 Metaspace       used 35161K, capacity 35905K, committed 36048K, reserved 1081344K
  class space    used 4471K, capacity 4781K, committed 4864K, reserved 1048576K
}
Event: 6.409 GC heap before
{Heap before GC invocations=10 (full 0):
 garbage-first heap   total 129024K, used 79107K [0x0000000080000000, 0x0000000100000000)
  region size 1024K, 43 young (44032K), 3 survivors (3072K)
 Metaspace       used 39880K, capacity 40771K, committed 41040K, reserved 1085440K
  class space    used 5033K, capacity 5381K, committed 5504K, reserved 1048576K
}
Event: 6.415 GC heap after
{Heap after GC invocations=11 (full 0):
 garbage-first heap   total 129024K, used 37992K [0x0000000080000000, 0x0000000100000000)
  region size 1024K, 5 young (5120K), 5 survivors (5120K)
 Metaspace       used 39880K, capacity 40771K, committed 41040K, reserved 1085440K
  class space    used 5033K, capacity 5381K, committed 5504K, reserved 1048576K
}
Event: 6.992 GC heap before
{Heap before GC invocations=11 (full 0):
 garbage-first heap   total 129024K, used 82024K [0x0000000080000000, 0x0000000100000000)
  region size 1024K, 48 young (49152K), 5 survivors (5120K)
 Metaspace       used 42950K, capacity 43979K, committed 44240K, reserved 1087488K
  class space    used 5447K, capacity 5820K, committed 5888K, reserved 1048576K
}
Event: 7.003 GC heap after
{Heap after GC invocations=12 (full 0):
 garbage-first heap   total 129024K, used 42106K [0x0000000080000000, 0x0000000100000000)
  region size 1024K, 6 young (6144K), 6 survivors (6144K)
 Metaspace       used 42950K, capacity 43979K, committed 44240K, reserved 1087488K
  class space    used 5447K, capacity 5820K, committed 5888K, reserved 1048576K
}
Event: 7.481 GC heap before
{Heap before GC invocations=12 (full 0):
 garbage-first heap   total 129024K, used 86138K [0x0000000080000000, 0x0000000100000000)
  region size 1024K, 49 young (50176K), 6 survivors (6144K)
 Metaspace       used 45534K, capacity 46799K, committed 46928K, reserved 1089536K
  class space    used 5839K, capacity 6227K, committed 6272K, reserved 1048576K
}
Event: 7.496 GC heap after
{Heap after GC invocations=13 (full 0):
 garbage-first heap   total 155648K, used 45950K [0x0000000080000000, 0x0000000100000000)
  region size 1024K, 4 young (4096K), 4 survivors (4096K)
 Metaspace       used 45534K, capacity 46799K, committed 46928K, reserved 1089536K
  class space    used 5839K, capacity 6227K, committed 6272K, reserved 1048576K
}
Event: 8.047 GC heap before
{Heap before GC invocations=13 (full 0):
 garbage-first heap   total 155648K, used 103294K [0x0000000080000000, 0x0000000100000000)
  region size 1024K, 55 young (56320K), 4 survivors (4096K)
 Metaspace       used 48744K, capacity 50158K, committed 50256K, reserved 1093632K
  class space    used 6281K, capacity 6702K, committed 6784K, reserved 1048576K
}
Event: 8.056 GC heap after
{Heap after GC invocations=14 (full 0):
 garbage-first heap   total 155648K, used 60146K [0x0000000080000000, 0x0000000100000000)
  region size 1024K, 7 young (7168K), 7 survivors (7168K)
 Metaspace       used 48744K, capacity 50158K, committed 50256K, reserved 1093632K
  class space    used 6281K, capacity 6702K, committed 6784K, reserved 1048576K
}
Event: 8.670 GC heap before
{Heap before GC invocations=14 (full 0):
 garbage-first heap   total 155648K, used 109298K [0x0000000080000000, 0x0000000100000000)
  region size 1024K, 56 young (57344K), 7 survivors (7168K)
 Metaspace       used 55944K, capacity 57424K, committed 57552K, reserved 1099776K
  class space    used 7097K, capacity 7587K, committed 7680K, reserved 1048576K
}
Event: 8.678 GC heap after
{Heap after GC invocations=15 (full 0):
 garbage-first heap   total 155648K, used 64271K [0x0000000080000000, 0x0000000100000000)
  region size 1024K, 4 young (4096K), 4 survivors (4096K)
 Metaspace       used 55944K, capacity 57424K, committed 57552K, reserved 1099776K
  class space    used 7097K, capacity 7587K, committed 7680K, reserved 1048576K
}
Event: 9.028 GC heap before
{Heap before GC invocations=15 (full 0):
 garbage-first heap   total 155648K, used 91919K [0x0000000080000000, 0x0000000100000000)
  region size 1024K, 31 young (31744K), 4 survivors (4096K)
 Metaspace       used 58865K, capacity 60377K, committed 60496K, reserved 1101824K
  class space    used 7444K, capacity 7963K, committed 8064K, reserved 1048576K
}
Event: 9.036 GC heap after
{Heap after GC invocations=16 (full 0):
 garbage-first heap   total 155648K, used 66493K [0x0000000080000000, 0x0000000100000000)
  region size 1024K, 3 young (3072K), 3 survivors (3072K)
 Metaspace       used 58865K, capacity 60377K, committed 60496K, reserved 1101824K
  class space    used 7444K, capacity 7963K, committed 8064K, reserved 1048576K
}
Event: 9.654 GC heap before
{Heap before GC invocations=17 (full 0):
 garbage-first heap   total 155648K, used 111549K [0x0000000080000000, 0x0000000100000000)
  region size 1024K, 47 young (48128K), 3 survivors (3072K)
 Metaspace       used 63094K, capacity 64743K, committed 65104K, reserved 1105920K
  class space    used 7933K, capacity 8463K, committed 8576K, reserved 1048576K
}

