# JRE version: OpenJDK Runtime Environment (11.0.10) (build 11.0.10+0-b96-7249189)
# Java VM: OpenJDK 64-Bit Server VM (11.0.10+0-b96-7249189, mixed mode, tiered, compressed oops, g1 gc, windows-amd64)
Heap:
 garbage-first heap   total 187392K, used 49306K [0x0000000080000000, 0x0000000100000000)
  region size 1024K, 7 young (7168K), 7 survivors (7168K)
 Metaspace       used 56635K, capacity 57965K, committed 58064K, reserved 1099776K
  class space    used 7158K, capacity 7595K, committed 7680K, reserved 1048576K
GC Heap History (19 events):
Event: 0.620 GC heap before
{Heap before GC invocations=0 (full 0):
 garbage-first heap   total 129024K, used 19456K [0x0000000080000000, 0x0000000100000000)
  region size 1024K, 14 young (14336K), 0 survivors (0K)
 Metaspace       used 7545K, capacity 7733K, committed 7936K, reserved 1056768K
  class space    used 705K, capacity 749K, committed 768K, reserved 1048576K
}
Event: 0.623 GC heap after
{Heap after GC invocations=1 (full 0):
 garbage-first heap   total 129024K, used 7778K [0x0000000080000000, 0x0000000100000000)
  region size 1024K, 2 young (2048K), 2 survivors (2048K)
 Metaspace       used 7545K, capacity 7733K, committed 7936K, reserved 1056768K
  class space    used 705K, capacity 749K, committed 768K, reserved 1048576K
}
Event: 0.921 GC heap before
{Heap before GC invocations=1 (full 0):
 garbage-first heap   total 129024K, used 20066K [0x0000000080000000, 0x0000000100000000)
  region size 1024K, 14 young (14336K), 2 survivors (2048K)
 Metaspace       used 10491K, capacity 10761K, committed 11008K, reserved 1058816K
  class space    used 1104K, capacity 1164K, committed 1280K, reserved 1048576K
}
Event: 0.924 GC heap after
{Heap after GC invocations=2 (full 0):
 garbage-first heap   total 129024K, used 8494K [0x0000000080000000, 0x0000000100000000)
  region size 1024K, 1 young (1024K), 1 survivors (1024K)
 Metaspace       used 10491K, capacity 10761K, committed 11008K, reserved 1058816K
  class space    used 1104K, capacity 1164K, committed 1280K, reserved 1048576K
}
Event: 1.207 GC heap before
{Heap before GC invocations=2 (full 0):
 garbage-first heap   total 129024K, used 38190K [0x0000000080000000, 0x0000000100000000)
  region size 1024K, 31 young (31744K), 1 survivors (1024K)
 Metaspace       used 10764K, capacity 11041K, committed 11264K, reserved 1058816K
  class space    used 1138K, capacity 1236K, committed 1280K, reserved 1048576K
}
Event: 1.211 GC heap after
{Heap after GC invocations=3 (full 0):
 garbage-first heap   total 129024K, used 12670K [0x0000000080000000, 0x0000000100000000)
  region size 1024K, 4 young (4096K), 4 survivors (4096K)
 Metaspace       used 10764K, capacity 11041K, committed 11264K, reserved 1058816K
  class space    used 1138K, capacity 1236K, committed 1280K, reserved 1048576K
}
Event: 2.186 GC heap before
{Heap before GC invocations=3 (full 0):
 garbage-first heap   total 129024K, used 55678K [0x0000000080000000, 0x0000000100000000)
  region size 1024K, 47 young (48128K), 4 survivors (4096K)
 Metaspace       used 19637K, capacity 20099K, committed 20224K, reserved 1067008K
  class space    used 2367K, capacity 2500K, committed 2560K, reserved 1048576K
}
Event: 2.192 GC heap after
{Heap after GC invocations=4 (full 0):
 garbage-first heap   total 129024K, used 16016K [0x0000000080000000, 0x0000000100000000)
  region size 1024K, 4 young (4096K), 4 survivors (4096K)
 Metaspace       used 19637K, capacity 20099K, committed 20224K, reserved 1067008K
  class space    used 2367K, capacity 2500K, committed 2560K, reserved 1048576K
}
Event: 2.226 GC heap before
{Heap before GC invocations=4 (full 0):
 garbage-first heap   total 129024K, used 19088K [0x0000000080000000, 0x0000000100000000)
  region size 1024K, 7 young (7168K), 4 survivors (4096K)
 Metaspace       used 20614K, capacity 21042K, committed 21248K, reserved 1069056K
  class space    used 2423K, capacity 2541K, committed 2560K, reserved 1048576K
}
Event: 2.230 GC heap after
{Heap after GC invocations=5 (full 0):
 garbage-first heap   total 129024K, used 15895K [0x0000000080000000, 0x0000000100000000)
  region size 1024K, 3 young (3072K), 3 survivors (3072K)
 Metaspace       used 20614K, capacity 21042K, committed 21248K, reserved 1069056K
  class space    used 2423K, capacity 2541K, committed 2560K, reserved 1048576K
}
Event: 2.953 GC heap before
{Heap before GC invocations=6 (full 0):
 garbage-first heap   total 129024K, used 72215K [0x0000000080000000, 0x0000000100000000)
  region size 1024K, 58 young (59392K), 3 survivors (3072K)
 Metaspace       used 27124K, capacity 27785K, committed 28028K, reserved 1073152K
  class space    used 3495K, capacity 3709K, committed 3712K, reserved 1048576K
}
Event: 2.961 GC heap after
{Heap after GC invocations=7 (full 0):
 garbage-first heap   total 155648K, used 18080K [0x0000000080000000, 0x0000000100000000)
  region size 1024K, 6 young (6144K), 6 survivors (6144K)
 Metaspace       used 27124K, capacity 27785K, committed 28028K, reserved 1073152K
  class space    used 3495K, capacity 3709K, committed 3712K, reserved 1048576K
}
Event: 3.542 GC heap before
{Heap before GC invocations=7 (full 0):
 garbage-first heap   total 155648K, used 59040K [0x0000000080000000, 0x0000000100000000)
  region size 1024K, 47 young (48128K), 6 survivors (6144K)
 Metaspace       used 35181K, capacity 35882K, committed 36048K, reserved 1081344K
  class space    used 4491K, capacity 4748K, committed 4864K, reserved 1048576K
}
Event: 3.552 GC heap after
{Heap after GC invocations=8 (full 0):
 garbage-first heap   total 155648K, used 21234K [0x0000000080000000, 0x0000000100000000)
  region size 1024K, 9 young (9216K), 9 survivors (9216K)
 Metaspace       used 35181K, capacity 35882K, committed 36048K, reserved 1081344K
  class space    used 4491K, capacity 4748K, committed 4864K, reserved 1048576K
}
Event: 4.587 GC heap before
{Heap before GC invocations=9 (full 0):
 garbage-first heap   total 155648K, used 95986K [0x0000000080000000, 0x0000000100000000)
  region size 1024K, 79 young (80896K), 9 survivors (9216K)
 Metaspace       used 41602K, capacity 42490K, committed 42832K, reserved 1087488K
  class space    used 5338K, capacity 5643K, committed 5760K, reserved 1048576K
}
Event: 4.600 GC heap after
{Heap after GC invocations=10 (full 0):
 garbage-first heap   total 155648K, used 25646K [0x0000000080000000, 0x0000000100000000)
  region size 1024K, 8 young (8192K), 8 survivors (8192K)
 Metaspace       used 41602K, capacity 42490K, committed 42832K, reserved 1087488K
  class space    used 5338K, capacity 5643K, committed 5760K, reserved 1048576K
}
Event: 5.500 GC heap before
{Heap before GC invocations=10 (full 0):
 garbage-first heap   total 155648K, used 115758K [0x0000000080000000, 0x0000000100000000)
  region size 1024K, 91 young (93184K), 8 survivors (8192K)
 Metaspace       used 46485K, capacity 47675K, committed 47824K, reserved 1091584K
  class space    used 5984K, capacity 6398K, committed 6400K, reserved 1048576K
}
Event: 5.523 GC heap after
{Heap after GC invocations=11 (full 0):
 garbage-first heap   total 155648K, used 41964K [0x0000000080000000, 0x0000000100000000)
  region size 1024K, 12 young (12288K), 12 survivors (12288K)
 Metaspace       used 46485K, capacity 47675K, committed 47824K, reserved 1091584K
  class space    used 5984K, capacity 6398K, committed 6400K, reserved 1048576K
}
Event: 6.951 GC heap before
{Heap before GC invocations=11 (full 0):
 garbage-first heap   total 155648K, used 116716K [0x0000000080000000, 0x0000000100000000)
  region size 1024K, 85 young (87040K), 12 survivors (12288K)
 Metaspace       used 56635K, capacity 57965K, committed 58064K, reserved 1099776K
  class space    used 7158K, capacity 7595K, committed 7680K, reserved 1048576K
}

