# JRE version: OpenJDK Runtime Environment (11.0.10) (build 11.0.10+0-b96-7249189)
# Java VM: OpenJDK 64-Bit Server VM (11.0.10+0-b96-7249189, mixed mode, tiered, compressed oops, g1 gc, windows-amd64)
Heap:
 garbage-first heap   total 155648K, used 102208K [0x0000000080000000, 0x0000000100000000)
  region size 1024K, 15 young (15360K), 3 survivors (3072K)
 Metaspace       used 87896K, capacity 90017K, committed 90068K, reserved 1128448K
  class space    used 11062K, capacity 11773K, committed 11776K, reserved 1048576K
GC Heap History (20 events):
Event: 21.858 GC heap before
{Heap before GC invocations=17 (full 0):
 garbage-first heap   total 155648K, used 106637K [0x0000000080000000, 0x0000000100000000)
  region size 1024K, 43 young (44032K), 5 survivors (5120K)
 Metaspace       used 66456K, capacity 68097K, committed 68180K, reserved 1110016K
  class space    used 8253K, capacity 8753K, committed 8832K, reserved 1048576K
}
Event: 21.868 GC heap after
{Heap after GC invocations=18 (full 0):
 garbage-first heap   total 155648K, used 70776K [0x0000000080000000, 0x0000000100000000)
  region size 1024K, 4 young (4096K), 4 survivors (4096K)
 Metaspace       used 66456K, capacity 68097K, committed 68180K, reserved 1110016K
  class space    used 8253K, capacity 8753K, committed 8832K, reserved 1048576K
}
Event: 22.550 GC heap before
{Heap before GC invocations=18 (full 0):
 garbage-first heap   total 155648K, used 110712K [0x0000000080000000, 0x0000000100000000)
  region size 1024K, 43 young (44032K), 4 survivors (4096K)
 Metaspace       used 70653K, capacity 72335K, committed 72532K, reserved 1112064K
  class space    used 8935K, capacity 9510K, committed 9600K, reserved 1048576K
}
Event: 22.560 GC heap after
{Heap after GC invocations=19 (full 0):
 garbage-first heap   total 155648K, used 73507K [0x0000000080000000, 0x0000000100000000)
  region size 1024K, 3 young (3072K), 3 survivors (3072K)
 Metaspace       used 70653K, capacity 72335K, committed 72532K, reserved 1112064K
  class space    used 8935K, capacity 9510K, committed 9600K, reserved 1048576K
}
Event: 23.693 GC heap before
{Heap before GC invocations=19 (full 0):
 garbage-first heap   total 155648K, used 114467K [0x0000000080000000, 0x0000000100000000)
  region size 1024K, 43 young (44032K), 3 survivors (3072K)
 Metaspace       used 73784K, capacity 75455K, committed 75732K, reserved 1116160K
  class space    used 9390K, capacity 9962K, committed 9984K, reserved 1048576K
}
Event: 23.702 GC heap after
{Heap after GC invocations=20 (full 0):
 garbage-first heap   total 155648K, used 75411K [0x0000000080000000, 0x0000000100000000)
  region size 1024K, 5 young (5120K), 5 survivors (5120K)
 Metaspace       used 73784K, capacity 75455K, committed 75732K, reserved 1116160K
  class space    used 9390K, capacity 9962K, committed 9984K, reserved 1048576K
}
Event: 26.570 GC heap before
{Heap before GC invocations=21 (full 0):
 garbage-first heap   total 155648K, used 117395K [0x0000000080000000, 0x0000000100000000)
  region size 1024K, 46 young (47104K), 5 survivors (5120K)
 Metaspace       used 76882K, capacity 78803K, committed 79060K, reserved 1118208K
  class space    used 9784K, capacity 10426K, committed 10496K, reserved 1048576K
}
Event: 26.581 GC heap after
{Heap after GC invocations=22 (full 0):
 garbage-first heap   total 155648K, used 78295K [0x0000000080000000, 0x0000000100000000)
  region size 1024K, 5 young (5120K), 5 survivors (5120K)
 Metaspace       used 76882K, capacity 78803K, committed 79060K, reserved 1118208K
  class space    used 9784K, capacity 10426K, committed 10496K, reserved 1048576K
}
Event: 26.773 GC heap before
{Heap before GC invocations=22 (full 0):
 garbage-first heap   total 155648K, used 92631K [0x0000000080000000, 0x0000000100000000)
  region size 1024K, 21 young (21504K), 5 survivors (5120K)
 Metaspace       used 77977K, capacity 79841K, committed 79956K, reserved 1118208K
  class space    used 9905K, capacity 10537K, committed 10624K, reserved 1048576K
}
Event: 26.781 GC heap after
{Heap after GC invocations=23 (full 0):
 garbage-first heap   total 155648K, used 80601K [0x0000000080000000, 0x0000000100000000)
  region size 1024K, 5 young (5120K), 5 survivors (5120K)
 Metaspace       used 77977K, capacity 79841K, committed 79956K, reserved 1118208K
  class space    used 9905K, capacity 10537K, committed 10624K, reserved 1048576K
}
Event: 27.574 GC heap before
{Heap before GC invocations=24 (full 0):
 garbage-first heap   total 155648K, used 116441K [0x0000000080000000, 0x0000000100000000)
  region size 1024K, 39 young (39936K), 5 survivors (5120K)
 Metaspace       used 82432K, capacity 84419K, committed 84564K, reserved 1122304K
  class space    used 10472K, capacity 11115K, committed 11136K, reserved 1048576K
}
Event: 27.591 GC heap after
{Heap after GC invocations=25 (full 0):
 garbage-first heap   total 155648K, used 81167K [0x0000000080000000, 0x0000000100000000)
  region size 1024K, 3 young (3072K), 3 survivors (3072K)
 Metaspace       used 82432K, capacity 84419K, committed 84564K, reserved 1122304K
  class space    used 10472K, capacity 11115K, committed 11136K, reserved 1048576K
}
Event: 28.608 GC heap before
{Heap before GC invocations=25 (full 0):
 garbage-first heap   total 155648K, used 117007K [0x0000000080000000, 0x0000000100000000)
  region size 1024K, 38 young (38912K), 3 survivors (3072K)
 Metaspace       used 85345K, capacity 87345K, committed 87508K, reserved 1126400K
  class space    used 10814K, capacity 11440K, committed 11520K, reserved 1048576K
}
Event: 28.619 GC heap after
{Heap after GC invocations=26 (full 0):
 garbage-first heap   total 155648K, used 83150K [0x0000000080000000, 0x0000000100000000)
  region size 1024K, 5 young (5120K), 5 survivors (5120K)
 Metaspace       used 85345K, capacity 87345K, committed 87508K, reserved 1126400K
  class space    used 10814K, capacity 11440K, committed 11520K, reserved 1048576K
}
Event: 29.527 GC heap before
{Heap before GC invocations=27 (full 0):
 garbage-first heap   total 155648K, used 94414K [0x0000000080000000, 0x0000000100000000)
  region size 1024K, 18 young (18432K), 5 survivors (5120K)
 Metaspace       used 86372K, capacity 88410K, committed 88532K, reserved 1126400K
  class space    used 10966K, capacity 11682K, committed 11776K, reserved 1048576K
}
Event: 29.549 GC heap after
{Heap after GC invocations=28 (full 0):
 garbage-first heap   total 155648K, used 84523K [0x0000000080000000, 0x0000000100000000)
  region size 1024K, 4 young (4096K), 4 survivors (4096K)
 Metaspace       used 86372K, capacity 88410K, committed 88532K, reserved 1126400K
  class space    used 10966K, capacity 11682K, committed 11776K, reserved 1048576K
}
Event: 31.653 GC heap before
{Heap before GC invocations=29 (full 0):
 garbage-first heap   total 155648K, used 120363K [0x0000000080000000, 0x0000000100000000)
  region size 1024K, 39 young (39936K), 4 survivors (4096K)
 Metaspace       used 87273K, capacity 89343K, committed 89556K, reserved 1128448K
  class space    used 11033K, capacity 11731K, committed 11776K, reserved 1048576K
}
Event: 31.689 GC heap after
{Heap after GC invocations=30 (full 0):
 garbage-first heap   total 155648K, used 88825K [0x0000000080000000, 0x0000000100000000)
  region size 1024K, 5 young (5120K), 5 survivors (5120K)
 Metaspace       used 87273K, capacity 89343K, committed 89556K, reserved 1128448K
  class space    used 11033K, capacity 11731K, committed 11776K, reserved 1048576K
}
Event: 34.826 GC heap before
{Heap before GC invocations=30 (full 0):
 garbage-first heap   total 155648K, used 121593K [0x0000000080000000, 0x0000000100000000)
  region size 1024K, 38 young (38912K), 5 survivors (5120K)
 Metaspace       used 87742K, capacity 89771K, committed 89812K, reserved 1128448K
  class space    used 11048K, capacity 11737K, committed 11776K, reserved 1048576K
}
Event: 34.837 GC heap after
{Heap after GC invocations=31 (full 0):
 garbage-first heap   total 155648K, used 90944K [0x0000000080000000, 0x0000000100000000)
  region size 1024K, 3 young (3072K), 3 survivors (3072K)
 Metaspace       used 87742K, capacity 89771K, committed 89812K, reserved 1128448K
  class space    used 11048K, capacity 11737K, committed 11776K, reserved 1048576K
}

